   1               		.file	"main.c"
   2               	__SREG__ = 0x3f
   3               	__SP_H__ = 0x3e
   4               	__SP_L__ = 0x3d
   5               	__CCP__  = 0x34
   6               	__tmp_reg__ = 0
   7               	__zero_reg__ = 1
  15               	.Ltext0:
  16               		.data
  17               	.LC0:
  18 0000 4800      		.string	"H"
  19               		.text
  20               	.global	main
  22               	main:
  23               	.LFB6:
  24               	.LM1:
  25 0000 FF92      		push r15
  26 0002 0F93      		push r16
  27 0004 1F93      		push r17
  28 0006 CF93      		push r28
  29 0008 DF93      		push r29
  30               	/* prologue: function */
  31               	/* frame size = 0 */
  32               	.LM2:
  33 000a B99A      		sbi 55-32,1
  34               	.LM3:
  35 000c 00D0      		rcall uart_init
  36               	.LM4:
  37               	/* #APP */
  38               	 ;  28 "main.c" 1
  39 000e 7894      		sei
  40               	 ;  0 "" 2
  41               	.LM5:
  42               	/* #NOAPP */
  43 0010 00E0      		ldi r16,lo8(.LC0)
  44 0012 10E0      		ldi r17,hi8(.LC0)
  45               	.LBB12:
  46               	.LBB13:
  47               	.LBB14:
  48               	.LBB15:
  49               	.LM6:
  50 0014 C8EC      		ldi r28,lo8(200)
  51 0016 D0E0      		ldi r29,hi8(200)
  52               	.LBE15:
  53               	.LBE14:
  54               	.LBE13:
  55               	.LBE12:
  56               	.LM7:
  57 0018 82E0      		ldi r24,lo8(2)
  58 001a F82E      		mov r15,r24
  59               	.LVL0:
  60               	.L3:
  61               	.LM8:
  62 001c 802F      		mov r24,r16
  63 001e 00D0      		rcall uart_putc
  64               	.LVL1:
  65 0020 80E1      		ldi r24,lo8(10000)
  66 0022 97E2      		ldi r25,hi8(10000)
  67               	.LVL2:
  68               	.L2:
  69               	.LBB19:
  70               	.LBB18:
  71               	.LBB17:
  72               	.LBB16:
  73               	.LM9:
  74 0024 FE01      		movw r30,r28
  75               	.LVL3:
  76               	/* #APP */
  77               	 ;  105 "c:/program files/winavr/lib/gcc/../../avr/include/util/delay_basic.h" 1
  78 0026 3197      		1: sbiw r30,1
  79 0028 01F4      		brne 1b
  80               	 ;  0 "" 2
  81               	/* #NOAPP */
  82               	.LBE16:
  83               	.LBE17:
  84               	.LM10:
  85 002a 0197      		sbiw r24,1
  86               	.LM11:
  87 002c 01F4      		brne .L2
  88               	.LBE18:
  89               	.LBE19:
  90               	.LM12:
  91 002e 88B3      		in r24,56-32
  92               	.LVL4:
  93 0030 8F25      		eor r24,r15
  94 0032 88BB      		out 56-32,r24
  95 0034 00C0      		rjmp .L3
  96               	.LFE6:
 122               	.Letext0:
DEFINED SYMBOLS
                            *ABS*:00000000 main.c
C:\Users\Daniel\AppData\Local\Temp/cc7XhDMK.s:2      *ABS*:0000003f __SREG__
C:\Users\Daniel\AppData\Local\Temp/cc7XhDMK.s:3      *ABS*:0000003e __SP_H__
C:\Users\Daniel\AppData\Local\Temp/cc7XhDMK.s:4      *ABS*:0000003d __SP_L__
C:\Users\Daniel\AppData\Local\Temp/cc7XhDMK.s:5      *ABS*:00000034 __CCP__
C:\Users\Daniel\AppData\Local\Temp/cc7XhDMK.s:6      *ABS*:00000000 __tmp_reg__
C:\Users\Daniel\AppData\Local\Temp/cc7XhDMK.s:7      *ABS*:00000001 __zero_reg__
C:\Users\Daniel\AppData\Local\Temp/cc7XhDMK.s:22     .text:00000000 main

UNDEFINED SYMBOLS
uart_init
uart_putc
__do_copy_data
